<?xml version="1.0" encoding="UTF-8"?>
<testsuites tests="41" failures="0" errors="0" skipped="0" time="0.000055">
  <testsuite name="tests\fatal_error_without_other_test\TestFatalErr3" tests="1" failures="0" errors="0" skipped="0" time="0.000003">
    <testcase name="test_with_fatal_error_3" classname="tests\fatal_error_without_other_test\TestFatalErr3" time="0.000003"/>
  </testsuite>
  <testsuite name="tests\fatal_error_without_other_test\TestFatalErr2" tests="1" failures="0" errors="0" skipped="0" time="0.000001">
    <testcase name="test_with_fatal_error" classname="tests\fatal_error_without_other_test\TestFatalErr2" time="0.000001"/>
  </testsuite>
  <testsuite name="tests\fatal_error_without_other_test\TestCase" tests="1" failures="0" errors="0" skipped="0" time="0.000001">
    <testcase name="test_this_is_a_test" classname="tests\fatal_error_without_other_test\TestCase" time="0.000001">
      <system-out><![CDATA[this is a test output]]></system-out>
    </testcase>
  </testsuite>
  <testsuite name="tests\suite3\TestCase32" tests="2" failures="0" errors="0" skipped="0" time="0.000002">
    <testcase name="test_this_is_a_test" classname="tests\suite3\TestCase32" time="0.000001">
      <system-out><![CDATA[this is a test output]]></system-out>
    </testcase>
    <testcase name="test_this_is_another_test" classname="tests\suite3\TestCase32" time="0.000001"/>
  </testsuite>
  <testsuite name="tests\suite3\TestCase31" tests="2" failures="0" errors="0" skipped="0" time="0.000002">
    <testcase name="test_this_is_a_test" classname="tests\suite3\TestCase31" time="0.000001">
      <system-out><![CDATA[this is a test output]]></system-out>
    </testcase>
    <testcase name="test_this_is_another_test" classname="tests\suite3\TestCase31" time="0.000001"/>
  </testsuite>
  <testsuite name="tests\suite5\TestCase51" tests="4" failures="0" errors="0" skipped="0" time="0.000004">
    <testcase name="test_this_is_a_test_5" classname="tests\suite5\TestCase51" time="0.000001"/>
    <testcase name="test_this_is_another_test_5" classname="tests\suite5\TestCase51" time="0.000001"/>
    <testcase name="test_does_not_exist_file" classname="tests\suite5\TestCase51" time="0.000001"/>
    <testcase name="test_warning" classname="tests\suite5\TestCase51" time="0.000001"/>
  </testsuite>
  <testsuite name="tests\suite5\TestCase52" tests="2" failures="0" errors="0" skipped="0" time="0.000002">
    <testcase name="test_this_is_a_test_52" classname="tests\suite5\TestCase52" time="0.000001"/>
    <testcase name="test_this_is_another_test_52" classname="tests\suite5\TestCase52" time="0.000001"/>
  </testsuite>
  <testsuite name="tests\suite5\TestCase53" tests="2" failures="0" errors="0" skipped="0" time="0.000001">
    <testcase name="test_this_is_a_test_53" classname="tests\suite5\TestCase53" time="0.000001"/>
    <testcase name="test_this_is_another_test_53" classname="tests\suite5\TestCase53" time="0.000000"/>
  </testsuite>
  <testsuite name="tests\suite2\TestCase21" tests="2" failures="0" errors="0" skipped="0" time="0.000001">
    <testcase name="test_this_is_a_test" classname="tests\suite2\TestCase21" time="0.000001">
      <system-out><![CDATA[this is a test output]]></system-out>
    </testcase>
    <testcase name="test_this_is_another_test" classname="tests\suite2\TestCase21" time="0.000000">
      <system-out><![CDATA[this is another test output]]></system-out>
    </testcase>
  </testsuite>
  <testsuite name="tests\suite2\TestCase22" tests="3" failures="0" errors="0" skipped="0" time="0.000003">
    <testcase name="test_this_is_a_test" classname="tests\suite2\TestCase22" time="0.000001">
      <system-out><![CDATA[this is a test output]]></system-out>
    </testcase>
    <testcase name="test_this_is_another_test" classname="tests\suite2\TestCase22" time="0.000001">
      <system-out><![CDATA[this is another test output]]></system-out>
    </testcase>
    <testcase name="test_exception" classname="tests\suite2\TestCase22" time="0.000001"/>
  </testsuite>
  <testsuite name="tests\fatal_error_with_other_test\TestFatalErr" tests="6" failures="0" errors="0" skipped="0" time="0.000006">
    <testcase name="test_with_fatal_error" classname="tests\fatal_error_with_other_test\TestFatalErr" time="0.000001"/>
    <testcase name="test_div_by_zero" classname="tests\fatal_error_with_other_test\TestFatalErr" time="0.000001"/>
    <testcase name="test_throw_non_throwable" classname="tests\fatal_error_with_other_test\TestFatalErr" time="0.000001"/>
    <testcase name="test_throw_error" classname="tests\fatal_error_with_other_test\TestFatalErr" time="0.000001"/>
    <testcase name="test_trigger_error" classname="tests\fatal_error_with_other_test\TestFatalErr" time="0.000001"/>
    <testcase name="test_without_fatal_error" classname="tests\fatal_error_with_other_test\TestFatalErr" time="0.000001"/>
  </testsuite>
  <testsuite name="tests\suiteLoremIpsum\TestCase42" tests="3" failures="0" errors="0" skipped="0" time="0.000000">
    <testcase name="test_this_is_a_test" classname="tests\suiteLoremIpsum\TestCase42" time="0.000000">
      <system-out><![CDATA[this is a test output]]></system-out>
    </testcase>
    <testcase name="test_this_is_another_test" classname="tests\suiteLoremIpsum\TestCase42" time="0.000000"/>
    <testcase name="test_exception" classname="tests\suiteLoremIpsum\TestCase42" time="0.000000">
      <system-out><![CDATA[output before the exception]]></system-out>
    </testcase>
  </testsuite>
  <testsuite name="tests\suiteLoremIpsum\TestCase41" tests="3" failures="0" errors="0" skipped="0" time="0.000003">
    <testcase name="test_this_is_a_test" classname="tests\suiteLoremIpsum\TestCase41" time="0.000001">
      <system-out><![CDATA[this is a test output]]></system-out>
    </testcase>
    <testcase name="test_this_is_another_test" classname="tests\suiteLoremIpsum\TestCase41" time="0.000001"/>
    <testcase name="test_this_is_another_test_failed" classname="tests\suiteLoremIpsum\TestCase41" time="0.000001">
      <system-out><![CDATA[this is another test output]]></system-out>
    </testcase>
  </testsuite>
  <testsuite name="tests\suite1\TestCase11" tests="3" failures="0" errors="0" skipped="0" time="0.000003">
    <testcase name="test_this_is_a_test" classname="tests\suite1\TestCase11" time="0.000001">
      <system-out><![CDATA[this is a test output]]></system-out>
    </testcase>
    <testcase name="test_this_is_another_test" classname="tests\suite1\TestCase11" time="0.000001">
      <system-out><![CDATA[this is another test output]]></system-out>
    </testcase>
    <testcase name="test_no_output" classname="tests\suite1\TestCase11" time="0.000001"/>
  </testsuite>
  <testsuite name="tests\suite1\TestCase12" tests="2" failures="0" errors="0" skipped="0" time="0.000001">
    <testcase name="test_this_is_a_test" classname="tests\suite1\TestCase12" time="0.000000">
      <system-out><![CDATA[this is a test output]]></system-out>
    </testcase>
    <testcase name="test_this_is_another_test" classname="tests\suite1\TestCase12" time="0.000001">
      <system-out><![CDATA[this is another test output]]></system-out>
    </testcase>
  </testsuite>
  <testsuite name="tests\suite4__Lorem_Ipsum_is_simply_dummy_text\TestCase41_Lorem_Ipsum_is" tests="2" failures="0" errors="0" skipped="0" time="0.000002">
    <testcase name="test_this_is_a_test" classname="tests\suite4__Lorem_Ipsum_is_simply_dummy_text\TestCase41_Lorem_Ipsum_is" time="0.000001">
      <system-out><![CDATA[this is a test output]]></system-out>
    </testcase>
    <testcase name="test_this_is_another_test" classname="tests\suite4__Lorem_Ipsum_is_simply_dummy_text\TestCase41_Lorem_Ipsum_is" time="0.000001"/>
  </testsuite>
  <testsuite name="tests\suite4__Lorem_Ipsum_is_simply_dummy_text\TestCase42_simply_dummy_text" tests="2" failures="0" errors="0" skipped="0" time="0.000002">
    <testcase name="test_this_is_a_test" classname="tests\suite4__Lorem_Ipsum_is_simply_dummy_text\TestCase42_simply_dummy_text" time="0.000001">
      <system-out><![CDATA[this is a test output]]></system-out>
    </testcase>
    <testcase name="test_this_is_another_test" classname="tests\suite4__Lorem_Ipsum_is_simply_dummy_text\TestCase42_simply_dummy_text" time="0.000001"/>
  </testsuite>
</testsuites>
